[01:00:40] [INFO] Uploading watermarked: N054
[01:00:42] [INFO] Watermarked uploaded: N054
[01:00:42] [INFO] Inventory registered: N054 [claim]
[01:00:43] [INFO] ✓ Done: N054 [NSFW]
[01:00:43] [INFO] Processing: 055.png [NSFW]
[01:00:44] [INFO] Assigned code: N055
[01:00:44] [INFO] Moved to RAW: N055.png
[01:00:44] [INFO] Watermarking N055.png
[01:00:44] [INFO] Watermark saved: N055.jpg
[01:00:44] [INFO] Uploading RAW: N055
[01:00:47] [INFO] RAW uploaded: N055
[01:00:47] [INFO] Uploading watermarked: N055
[01:00:50] [INFO] Watermarked uploaded: N055
[01:00:50] [INFO] Inventory registered: N055 [claim]
[01:00:50] [INFO] ✓ Done: N055 [NSFW]
[01:00:50] [INFO] Processing: 056.png [NSFW]
[01:00:52] [INFO] Assigned code: N056
[01:00:52] [INFO] Moved to RAW: N056.png
[01:00:52] [INFO] Watermarking N056.png
[01:00:52] [INFO] Watermark saved: N056.jpg
[01:00:52] [INFO] Uploading RAW: N056
[01:00:55] [INFO] RAW uploaded: N056
[01:00:55] [INFO] Uploading watermarked: N056
[01:00:58] [INFO] Watermarked uploaded: N056
[01:00:58] [INFO] Inventory registered: N056 [claim]
[01:00:58] [INFO] ✓ Done: N056 [NSFW]
[01:00:58] [INFO] Processing: 057.png [NSFW]
[01:01:00] [INFO] Assigned code: N057
[01:01:00] [INFO] Moved to RAW: N057.png
[01:01:00] [INFO] Watermarking N057.png
[01:01:00] [INFO] Watermark saved: N057.jpg
[01:01:00] [INFO] Uploading RAW: N057
[01:01:03] [INFO] RAW uploaded: N057
[01:01:03] [INFO] Uploading watermarked: N057
[01:01:06] [INFO] Watermarked uploaded: N057
[01:01:06] [INFO] Inventory registered: N057 [claim]
[01:01:06] [INFO] ✓ Done: N057 [NSFW]
[01:01:06] [INFO] Processing: 058.png [NSFW]
[01:01:07] [INFO] Assigned code: N058
[01:01:07] [INFO] Moved to RAW: N058.png
[01:01:07] [INFO] Watermarking N058.png
[01:01:08] [INFO] Watermark saved: N058.jpg
[01:01:08] [INFO] Uploading RAW: N058
[01:01:11] [INFO] RAW uploaded: N058
[01:01:11] [INFO] Uploading watermarked: N058
[01:01:14] [INFO] Watermarked uploaded: N058
[01:01:14] [INFO] Inventory registered: N058 [claim]
[01:01:14] [INFO] ✓ Done: N058 [NSFW]
[01:01:14] [INFO] Processing: 059.png [NSFW]
[01:01:16] [INFO] Assigned code: N059
[01:01:16] [INFO] Moved to RAW: N059.png
[01:01:16] [INFO] Watermarking N059.png
[01:01:16] [INFO] Watermark saved: N059.jpg
[01:01:16] [INFO] Uploading RAW: N059
[01:01:18] [INFO] RAW uploaded: N059
[01:01:18] [INFO] Uploading watermarked: N059
[01:01:21] [INFO] Watermarked uploaded: N059
[01:01:21] [INFO] Inventory registered: N059 [claim]
[01:01:21] [INFO] ✓ Done: N059 [NSFW]
[01:01:21] [INFO] Processing: 060.png [NSFW]
[01:01:23] [INFO] Assigned code: N060
[01:01:23] [INFO] Moved to RAW: N060.png
[01:01:23] [INFO] Watermarking N060.png
[01:01:23] [INFO] Watermark saved: N060.jpg
[01:01:23] [INFO] Uploading RAW: N060
[01:01:26] [INFO] RAW uploaded: N060
[01:01:26] [INFO] Uploading watermarked: N060
[01:01:28] [INFO] Watermarked uploaded: N060
[01:01:28] [INFO] Inventory registered: N060 [claim]
[01:01:29] [INFO] ✓ Done: N060 [NSFW]
[01:01:29] [INFO] Processing: 061.png [NSFW]
[01:01:30] [INFO] Assigned code: N061
[01:01:30] [INFO] Moved to RAW: N061.png
[01:01:30] [INFO] Watermarking N061.png
[01:01:30] [INFO] Watermark saved: N061.jpg
[01:01:30] [INFO] Uploading RAW: N061
[01:01:33] [INFO] RAW uploaded: N061
[01:01:33] [INFO] Uploading watermarked: N061
[01:01:35] [INFO] Watermarked uploaded: N061
[01:01:35] [INFO] Inventory registered: N061 [claim]
[01:01:36] [INFO] ✓ Done: N061 [NSFW]
[01:01:36] [INFO] Processing: 062.png [NSFW]
[01:01:37] [INFO] Assigned code: N062
[01:01:37] [INFO] Moved to RAW: N062.png
[01:01:37] [INFO] Watermarking N062.png
[01:01:37] [INFO] Watermark saved: N062.jpg
[01:01:37] [INFO] Uploading RAW: N062
[01:01:40] [INFO] RAW uploaded: N062
[01:01:40] [INFO] Uploading watermarked: N062
[01:01:42] [INFO] Watermarked uploaded: N062
[01:01:42] [INFO] Inventory registered: N062 [claim]
[01:01:43] [INFO] ✓ Done: N062 [NSFW]
[01:01:43] [INFO] Processing: 063.png [NSFW]
[01:01:44] [INFO] Assigned code: N063
[01:01:44] [INFO] Moved to RAW: N063.png
[01:01:44] [INFO] Watermarking N063.png
[01:01:44] [INFO] Watermark saved: N063.jpg
[01:01:44] [INFO] Uploading RAW: N063
[01:01:47] [INFO] RAW uploaded: N063
[01:01:47] [INFO] Uploading watermarked: N063
[01:01:50] [INFO] Watermarked uploaded: N063
[01:01:50] [INFO] Inventory registered: N063 [claim]
[01:01:51] [INFO] ✓ Done: N063 [NSFW]
[01:01:51] [INFO] Processing: 064.png [NSFW]
[01:01:53] [INFO] Assigned code: N064
[01:01:53] [INFO] Moved to RAW: N064.png
[01:01:53] [INFO] Watermarking N064.png
[01:01:53] [INFO] Watermark saved: N064.jpg
[01:01:53] [INFO] Uploading RAW: N064
[01:01:56] [INFO] RAW uploaded: N064
[01:01:56] [INFO] Uploading watermarked: N064
[01:01:58] [INFO] Watermarked uploaded: N064
[01:01:58] [INFO] Inventory registered: N064 [claim]
[01:01:58] [INFO] ✓ Done: N064 [NSFW]
[01:01:58] [INFO] Processing: 065.png [NSFW]
[01:02:00] [INFO] Assigned code: N065
[01:02:00] [INFO] Moved to RAW: N065.png
[01:02:00] [INFO] Watermarking N065.png
[01:02:00] [INFO] Watermark saved: N065.jpg
[01:02:00] [INFO] Uploading RAW: N065
[01:02:03] [INFO] RAW uploaded: N065
[01:02:03] [INFO] Uploading watermarked: N065
[01:02:06] [INFO] Watermarked uploaded: N065
[01:02:06] [INFO] Inventory registered: N065 [claim]
[01:02:06] [INFO] ✓ Done: N065 [NSFW]
[01:02:06] [INFO] Processing: 066.png [NSFW]
[01:02:07] [INFO] Assigned code: N066
[01:02:07] [INFO] Moved to RAW: N066.png
[01:02:07] [INFO] Watermarking N066.png
[01:02:08] [INFO] Watermark saved: N066.jpg
[01:02:08] [INFO] Uploading RAW: N066
[01:02:11] [INFO] RAW uploaded: N066
[01:02:11] [INFO] Uploading watermarked: N066
[01:02:13] [INFO] Watermarked uploaded: N066
[01:02:13] [INFO] Inventory registered: N066 [claim]
[01:02:13] [INFO] ✓ Done: N066 [NSFW]
[01:02:13] [INFO] Processing: 067.png [NSFW]
[01:02:15] [INFO] Assigned code: N067
[01:02:15] [INFO] Moved to RAW: N067.png
[01:02:15] [INFO] Watermarking N067.png
[01:02:15] [INFO] Watermark saved: N067.jpg
[01:02:15] [INFO] Uploading RAW: N067
[01:02:18] [INFO] RAW uploaded: N067
[01:02:18] [INFO] Uploading watermarked: N067
[01:02:21] [INFO] Watermarked uploaded: N067
[01:02:21] [INFO] Inventory registered: N067 [claim]
[01:02:22] [INFO] ✓ Done: N067 [NSFW]
[01:02:22] [INFO] Processing: 068.png [NSFW]
[01:02:24] [INFO] Assigned code: N068
[01:02:24] [INFO] Moved to RAW: N068.png
[01:02:24] [INFO] Watermarking N068.png
[01:02:24] [INFO] Watermark saved: N068.jpg
[01:02:24] [INFO] Uploading RAW: N068
[01:02:27] [INFO] RAW uploaded: N068
[01:02:27] [INFO] Uploading watermarked: N068
[01:02:29] [INFO] Watermarked uploaded: N068
[01:02:29] [INFO] Inventory registered: N068 [claim]
[01:02:30] [INFO] ✓ Done: N068 [NSFW]
[01:02:30] [INFO] Processing: 069.png [NSFW]
[01:02:31] [INFO] Assigned code: N069
[01:02:31] [INFO] Moved to RAW: N069.png
[01:02:31] [INFO] Watermarking N069.png
[01:02:31] [INFO] Watermark saved: N069.jpg
[01:02:31] [INFO] Uploading RAW: N069
[01:02:34] [INFO] RAW uploaded: N069
[01:02:34] [INFO] Uploading watermarked: N069
[01:02:37] [INFO] Watermarked uploaded: N069
[01:02:37] [INFO] Inventory registered: N069 [claim]
[01:02:37] [INFO] ✓ Done: N069 [NSFW]
[01:02:37] [INFO] Processing: 070.png [NSFW]
[01:02:38] [INFO] Assigned code: N070
[01:02:38] [INFO] Moved to RAW: N070.png
[01:02:38] [INFO] Watermarking N070.png
[01:02:38] [INFO] Watermark saved: N070.jpg
[01:02:39] [INFO] Uploading RAW: N070
[01:02:41] [INFO] RAW uploaded: N070
[01:02:41] [INFO] Uploading watermarked: N070
[01:02:44] [INFO] Watermarked uploaded: N070
[01:02:44] [INFO] Inventory registered: N070 [claim]
[01:02:44] [INFO] ✓ Done: N070 [NSFW]
[01:02:44] [INFO] Processing: 071.png [NSFW]
[01:02:46] [INFO] Assigned code: N071
[01:02:46] [INFO] Moved to RAW: N071.png
[01:02:46] [INFO] Watermarking N071.png
[01:02:46] [INFO] Watermark saved: N071.jpg
[01:02:46] [INFO] Uploading RAW: N071
[01:02:48] [INFO] RAW uploaded: N071
[01:02:48] [INFO] Uploading watermarked: N071
[01:02:51] [INFO] Watermarked uploaded: N071
[01:02:51] [INFO] Inventory registered: N071 [claim]
[01:02:51] [INFO] ✓ Done: N071 [NSFW]
[01:02:51] [INFO] Processing: 072.png [NSFW]
[01:02:52] [INFO] Assigned code: N072
[01:02:52] [INFO] Moved to RAW: N072.png
[01:02:52] [INFO] Watermarking N072.png
[01:02:53] [INFO] Watermark saved: N072.jpg
[01:02:53] [INFO] Uploading RAW: N072
[01:02:57] [INFO] RAW uploaded: N072
[01:02:57] [INFO] Uploading watermarked: N072
[01:02:59] [INFO] Watermarked uploaded: N072
[01:02:59] [INFO] Inventory registered: N072 [claim]
[01:03:00] [INFO] ✓ Done: N072 [NSFW]
[01:03:00] [INFO] Processing: 073.png [NSFW]
[01:03:02] [INFO] Assigned code: N073
[01:03:02] [INFO] Moved to RAW: N073.png
[01:03:02] [INFO] Watermarking N073.png
[01:03:02] [INFO] Watermark saved: N073.jpg
[01:03:02] [INFO] Uploading RAW: N073
[01:03:05] [INFO] RAW uploaded: N073
[01:03:05] [INFO] Uploading watermarked: N073
[01:03:07] [INFO] Watermarked uploaded: N073
[01:03:07] [INFO] Inventory registered: N073 [claim]
[01:03:07] [INFO] ✓ Done: N073 [NSFW]
[01:03:07] [INFO] Processing: 074.png [NSFW]
[01:03:09] [INFO] Assigned code: N074
[01:03:09] [INFO] Moved to RAW: N074.png
[01:03:09] [INFO] Watermarking N074.png
[01:03:09] [INFO] Watermark saved: N074.jpg
[01:03:09] [INFO] Uploading RAW: N074
[01:03:11] [INFO] RAW uploaded: N074
[01:03:11] [INFO] Uploading watermarked: N074
[01:03:14] [INFO] Watermarked uploaded: N074
[01:03:14] [INFO] Inventory registered: N074 [claim]
[01:03:14] [INFO] ✓ Done: N074 [NSFW]
[01:03:14] [INFO] Processing: 075.png [NSFW]
[01:03:16] [INFO] Assigned code: N075
[01:03:16] [INFO] Moved to RAW: N075.png
[01:03:16] [INFO] Watermarking N075.png
[01:03:16] [INFO] Watermark saved: N075.jpg
[01:03:16] [INFO] Uploading RAW: N075
[01:03:18] [INFO] RAW uploaded: N075
[01:03:18] [INFO] Uploading watermarked: N075
[01:03:21] [INFO] Watermarked uploaded: N075
[01:03:21] [INFO] Inventory registered: N075 [claim]
[01:03:21] [INFO] ✓ Done: N075 [NSFW]
[01:03:21] [INFO] Processing: 076.png [NSFW]
[01:03:23] [INFO] Assigned code: N076
[01:03:23] [INFO] Moved to RAW: N076.png
[01:03:23] [INFO] Watermarking N076.png
[01:03:23] [INFO] Watermark saved: N076.jpg
[01:03:23] [INFO] Uploading RAW: N076
[01:03:25] [INFO] RAW uploaded: N076
[01:03:25] [INFO] Uploading watermarked: N076
[01:03:28] [INFO] Watermarked uploaded: N076
[01:03:28] [INFO] Inventory registered: N076 [claim]
[01:03:29] [INFO] ✓ Done: N076 [NSFW]
[01:03:29] [INFO] Processing: 077.png [NSFW]
[01:03:31] [INFO] Assigned code: N077
[01:03:31] [INFO] Moved to RAW: N077.png
[01:03:31] [INFO] Watermarking N077.png
[01:03:31] [INFO] Watermark saved: N077.jpg
[01:03:31] [INFO] Uploading RAW: N077
[01:03:34] [INFO] RAW uploaded: N077
[01:03:34] [INFO] Uploading watermarked: N077
[01:03:36] [INFO] Watermarked uploaded: N077
[01:03:36] [INFO] Inventory registered: N077 [claim]
[01:03:36] [INFO] ✓ Done: N077 [NSFW]
[01:03:36] [INFO] Processing: 078.png [NSFW]
[01:03:38] [INFO] Assigned code: N078
[01:03:38] [INFO] Moved to RAW: N078.png
[01:03:38] [INFO] Watermarking N078.png
[01:03:38] [INFO] Watermark saved: N078.jpg
[01:03:38] [INFO] Uploading RAW: N078
[01:03:41] [INFO] RAW uploaded: N078
[01:03:41] [INFO] Uploading watermarked: N078
[01:03:44] [INFO] Watermarked uploaded: N078
[01:03:44] [INFO] Inventory registered: N078 [claim]
[01:03:44] [INFO] ✓ Done: N078 [NSFW]
[01:03:44] [INFO] Processing: 079.png [NSFW]
[01:03:45] [INFO] Assigned code: N079
[01:03:45] [INFO] Moved to RAW: N079.png
[01:03:45] [INFO] Watermarking N079.png
[01:03:46] [INFO] Watermark saved: N079.jpg
[01:03:46] [INFO] Uploading RAW: N079
[01:03:48] [INFO] RAW uploaded: N079
[01:03:48] [INFO] Uploading watermarked: N079
[01:03:50] [INFO] Watermarked uploaded: N079
[01:03:50] [INFO] Inventory registered: N079 [claim]
[01:03:51] [INFO] ✓ Done: N079 [NSFW]
[01:03:51] [INFO] Processing: 080.png [NSFW]
[01:03:53] [INFO] Assigned code: N080
[01:03:53] [INFO] Moved to RAW: N080.png
[01:03:53] [INFO] Watermarking N080.png
[01:03:53] [INFO] Watermark saved: N080.jpg
[01:03:53] [INFO] Uploading RAW: N080
[01:03:56] [INFO] RAW uploaded: N080
[01:03:56] [INFO] Uploading watermarked: N080
[01:03:58] [INFO] Watermarked uploaded: N080
[01:03:58] [INFO] Inventory registered: N080 [claim]
[01:03:58] [INFO] ✓ Done: N080 [NSFW]
[01:03:58] [INFO] Processing: 081.png [NSFW]
[01:04:00] [INFO] Assigned code: N081
[01:04:00] [INFO] Moved to RAW: N081.png
[01:04:00] [INFO] Watermarking N081.png
[01:04:00] [INFO] Watermark saved: N081.jpg
[01:04:00] [INFO] Uploading RAW: N081
[01:04:02] [INFO] RAW uploaded: N081
[01:04:02] [INFO] Uploading watermarked: N081
[01:04:05] [INFO] Watermarked uploaded: N081
[01:04:05] [INFO] Inventory registered: N081 [claim]
[01:04:06] [INFO] ✓ Done: N081 [NSFW]
[01:04:06] [INFO] Processing: 082.png [NSFW]
[01:04:07] [INFO] Assigned code: N082
[01:04:07] [INFO] Moved to RAW: N082.png
[01:04:07] [INFO] Watermarking N082.png
[01:04:08] [INFO] Watermark saved: N082.jpg
[01:04:08] [INFO] Uploading RAW: N082
[01:04:10] [INFO] RAW uploaded: N082
[01:04:10] [INFO] Uploading watermarked: N082
[01:04:13] [INFO] Watermarked uploaded: N082
[01:04:13] [INFO] Inventory registered: N082 [claim]
[01:04:14] [INFO] ✓ Done: N082 [NSFW]
[01:04:14] [INFO] Processing: 084.png [NSFW]
[01:04:15] [INFO] Assigned code: N084
[01:04:15] [INFO] Moved to RAW: N084.png
[01:04:15] [INFO] Watermarking N084.png
[01:04:15] [INFO] Watermark saved: N084.jpg
[01:04:15] [INFO] Uploading RAW: N084
[01:04:18] [INFO] RAW uploaded: N084
[01:04:18] [INFO] Uploading watermarked: N084
[01:04:20] [INFO] Watermarked uploaded: N084
[01:04:20] [INFO] Inventory registered: N084 [claim]
[01:04:20] [INFO] ✓ Done: N084 [NSFW]
[01:04:20] [INFO] Processing: 085.png [NSFW]
[01:04:22] [INFO] Assigned code: N085
[01:04:22] [INFO] Moved to RAW: N085.png
[01:04:22] [INFO] Watermarking N085.png
[01:04:22] [INFO] Watermark saved: N085.jpg
[01:04:22] [INFO] Uploading RAW: N085
[01:04:25] [INFO] RAW uploaded: N085
[01:04:25] [INFO] Uploading watermarked: N085
[01:04:27] [INFO] Watermarked uploaded: N085
[01:04:27] [INFO] Inventory registered: N085 [claim]
[01:04:28] [INFO] ✓ Done: N085 [NSFW]
[01:04:28] [INFO] Processing: 086.png [NSFW]
[01:04:29] [INFO] Assigned code: N086
[01:04:29] [INFO] Moved to RAW: N086.png
[01:04:29] [INFO] Watermarking N086.png
[01:04:29] [INFO] Watermark saved: N086.jpg
[01:04:30] [INFO] Uploading RAW: N086
[01:04:32] [INFO] RAW uploaded: N086
[01:04:32] [INFO] Uploading watermarked: N086
[01:04:34] [INFO] Watermarked uploaded: N086
[01:04:35] [INFO] Inventory registered: N086 [claim]
[01:04:35] [INFO] ✓ Done: N086 [NSFW]
[01:04:35] [INFO] Processing: 087.png [NSFW]
[01:04:36] [INFO] Assigned code: N087
[01:04:36] [INFO] Moved to RAW: N087.png
[01:04:36] [INFO] Watermarking N087.png
[01:04:37] [INFO] Watermark saved: N087.jpg
[01:04:37] [INFO] Uploading RAW: N087
[01:04:39] [INFO] RAW uploaded: N087
[01:04:39] [INFO] Uploading watermarked: N087
[01:04:42] [INFO] Watermarked uploaded: N087
[01:04:42] [INFO] Inventory registered: N087 [claim]
[01:04:42] [INFO] ✓ Done: N087 [NSFW]
[01:04:42] [INFO] Processing: 088.png [NSFW]
[01:04:44] [INFO] Assigned code: N088
[01:04:44] [INFO] Moved to RAW: N088.png
[01:04:44] [INFO] Watermarking N088.png
[01:04:44] [INFO] Watermark saved: N088.jpg
[01:04:44] [INFO] Uploading RAW: N088
[01:04:46] [INFO] RAW uploaded: N088
[01:04:46] [INFO] Uploading watermarked: N088
[01:04:49] [INFO] Watermarked uploaded: N088
[01:04:49] [INFO] Inventory registered: N088 [claim]
[01:04:49] [INFO] ✓ Done: N088 [NSFW]
[01:04:49] [INFO] Processing: 89.png [NSFW]
[01:04:51] [INFO] Assigned code: N089
[01:04:51] [INFO] Moved to RAW: N089.png
[01:04:51] [INFO] Watermarking N089.png
[01:04:51] [INFO] Watermark saved: N089.jpg
[01:04:51] [INFO] Uploading RAW: N089
[01:04:55] [INFO] RAW uploaded: N089
[01:04:55] [INFO] Uploading watermarked: N089
[01:04:58] [INFO] Watermarked uploaded: N089
[01:04:58] [INFO] Inventory registered: N089 [claim]
[01:04:59] [INFO] ✓ Done: N089 [NSFW]
[01:04:59] [INFO] Processing: 90.png [NSFW]
[01:05:00] [INFO] Assigned code: N090
[01:05:00] [INFO] Moved to RAW: N090.png
[01:05:00] [INFO] Watermarking N090.png
[01:05:01] [INFO] Watermark saved: N090.jpg
[01:05:01] [INFO] Uploading RAW: N090
[01:05:05] [INFO] RAW uploaded: N090
[01:05:05] [INFO] Uploading watermarked: N090
[01:05:09] [INFO] Watermarked uploaded: N090
[01:05:09] [INFO] Inventory registered: N090 [claim]
[01:05:09] [INFO] ✓ Done: N090 [NSFW]
[01:05:09] [INFO] Processing: 91.png [NSFW]
[01:05:11] [INFO] Assigned code: N091
[01:05:11] [INFO] Moved to RAW: N091.png
[01:05:11] [INFO] Watermarking N091.png
[01:05:11] [INFO] Watermark saved: N091.jpg
[01:05:11] [INFO] Uploading RAW: N091
[01:05:15] [INFO] RAW uploaded: N091
[01:05:15] [INFO] Uploading watermarked: N091
[01:05:19] [INFO] Watermarked uploaded: N091
[01:05:19] [INFO] Inventory registered: N091 [claim]
[01:05:19] [INFO] ✓ Done: N091 [NSFW]
[01:05:19] [INFO] Processing: 92.png [NSFW]
[01:05:21] [INFO] Assigned code: N092
[01:05:21] [INFO] Moved to RAW: N092.png
[01:05:21] [INFO] Watermarking N092.png
[01:05:21] [INFO] Watermark saved: N092.jpg
[01:05:21] [INFO] Uploading RAW: N092
[01:05:25] [INFO] RAW uploaded: N092
[01:05:25] [INFO] Uploading watermarked: N092
[01:05:28] [INFO] Watermarked uploaded: N092
[01:05:28] [INFO] Inventory registered: N092 [claim]
[01:05:28] [INFO] ✓ Done: N092 [NSFW]
[01:05:28] [INFO] Processing: 93.png [NSFW]
[01:05:30] [INFO] Assigned code: N093
[01:05:30] [INFO] Moved to RAW: N093.png
[01:05:30] [INFO] Watermarking N093.png
[01:05:31] [INFO] Watermark saved: N093.jpg
[01:05:31] [INFO] Uploading RAW: N093
[01:05:34] [INFO] RAW uploaded: N093
[01:05:34] [INFO] Uploading watermarked: N093
[01:05:38] [INFO] Watermarked uploaded: N093
[01:05:38] [INFO] Inventory registered: N093 [claim]
[01:05:38] [INFO] ✓ Done: N093 [NSFW]
[01:05:38] [INFO] Processing: 94.png [NSFW]
[01:05:40] [INFO] Assigned code: N094
[01:05:40] [INFO] Moved to RAW: N094.png
[01:05:40] [INFO] Watermarking N094.png
[01:05:40] [INFO] Watermark saved: N094.jpg
[01:05:40] [INFO] Uploading RAW: N094
[01:05:45] [INFO] RAW uploaded: N094
[01:05:45] [INFO] Uploading watermarked: N094
[01:05:48] [INFO] Watermarked uploaded: N094
[01:05:48] [INFO] Inventory registered: N094 [claim]
[01:05:49] [INFO] ✓ Done: N094 [NSFW]
[01:05:49] [INFO] Processing: 95.png [NSFW]
[01:05:50] [INFO] Assigned code: N095
[01:05:50] [INFO] Moved to RAW: N095.png
[01:05:50] [INFO] Watermarking N095.png
[01:05:51] [INFO] Watermark saved: N095.jpg
[01:05:51] [INFO] Uploading RAW: N095
[01:05:55] [INFO] RAW uploaded: N095
[01:05:55] [INFO] Uploading watermarked: N095
[01:05:58] [INFO] Watermarked uploaded: N095
[01:05:58] [INFO] Inventory registered: N095 [claim]
[01:05:59] [INFO] ✓ Done: N095 [NSFW]
[01:05:59] [INFO] Processing: 96.png [NSFW]
[01:06:00] [INFO] Assigned code: N096
[01:06:00] [INFO] Moved to RAW: N096.png
[01:06:00] [INFO] Watermarking N096.png
[01:06:01] [INFO] Watermark saved: N096.jpg
[01:06:01] [INFO] Uploading RAW: N096
[01:06:04] [INFO] RAW uploaded: N096
[01:06:04] [INFO] Uploading watermarked: N096
[01:06:08] [INFO] Watermarked uploaded: N096
[01:06:08] [INFO] Inventory registered: N096 [claim]
[01:06:08] [INFO] ✓ Done: N096 [NSFW]
[01:06:08] [INFO] Processing: 97.png [NSFW]
[01:06:10] [INFO] Assigned code: N097
[01:06:10] [INFO] Moved to RAW: N097.png
[01:06:10] [INFO] Watermarking N097.png
[01:06:11] [INFO] Watermark saved: N097.jpg
[01:06:11] [INFO] Uploading RAW: N097
[01:06:14] [INFO] RAW uploaded: N097
[01:06:14] [INFO] Uploading watermarked: N097
[01:06:18] [INFO] Watermarked uploaded: N097
[01:06:18] [INFO] Inventory registered: N097 [claim]
[01:06:18] [INFO] ✓ Done: N097 [NSFW]
[01:06:18] [INFO] Processing: 98.png [NSFW]
[01:06:20] [INFO] Assigned code: N098
[01:06:20] [INFO] Moved to RAW: N098.png
[01:06:20] [INFO] Watermarking N098.png
[01:06:20] [INFO] Watermark saved: N098.jpg
[01:06:20] [INFO] Uploading RAW: N098
[01:06:24] [INFO] RAW uploaded: N098
[01:06:24] [INFO] Uploading watermarked: N098
[01:06:28] [INFO] Watermarked uploaded: N098
[01:06:28] [INFO] Inventory registered: N098 [claim]
[01:06:28] [INFO] ✓ Done: N098 [NSFW]
[01:06:28] [INFO] Processing: 99.png [NSFW]
[01:06:30] [INFO] Assigned code: N099
[01:06:30] [INFO] Moved to RAW: N099.png
[01:06:30] [INFO] Watermarking N099.png
[01:06:30] [INFO] Watermark saved: N099.jpg
[01:06:30] [INFO] Uploading RAW: N099
[01:06:34] [INFO] RAW uploaded: N099
[01:06:34] [INFO] Uploading watermarked: N099
[01:06:37] [INFO] Watermarked uploaded: N099
[01:06:37] [INFO] Inventory registered: N099 [claim]
[01:06:38] [INFO] ✓ Done: N099 [NSFW]
[01:34:54] [INFO] Queued: 83.png [NSFW]
[01:34:54] [INFO] Processing: 83.png [NSFW]
[01:34:56] [INFO] Assigned code: N083
[01:34:56] [INFO] Moved to RAW: N083.png
[01:34:56] [INFO] Watermarking N083.png
[01:34:56] [INFO] Watermark saved: N083.jpg
[01:34:56] [INFO] Uploading RAW: N083
[01:35:02] [INFO] RAW uploaded: N083
[01:35:02] [INFO] Uploading watermarked: N083
[01:35:05] [INFO] Watermarked uploaded: N083
[01:35:05] [INFO] Inventory registered: N083 [claim]
[01:35:06] [INFO] ✓ Done: N083 [NSFW]
